#
# A fatal error has been detected by the Java Runtime Environment:
#
#  EXCEPTION_ACCESS_VIOLATION (0xc0000005) at pc=0x00000137a3139860, pid=10532, tid=11720
#
# JRE version: Java(TM) SE Runtime Environment 18.9 (11.0.7+8) (build 11.0.7+8-LTS)
# Java VM: Java HotSpot(TM) 64-Bit Server VM 18.9 (11.0.7+8-LTS, mixed mode, tiered, compressed oops, g1 gc, windows-amd64)
# Problematic frame:
# j  javax.swing.text.GapContent.getChars(IILjavax/swing/text/Segment;)V+28 java.desktop@11.0.7
#
# No core dump will be written. Minidumps are not enabled by default on client versions of Windows
#
# If you would like to submit a bug report, please visit:
#   https://bugreport.java.com/bugreport/crash.jsp
#

---------------  S U M M A R Y ------------

Command Line: -javaagent:C:\Users\Kazuk\AppData\Local\JetBrains\Toolbox\apps\IDEA-C\ch-0\201.6668.121\lib\idea_rt.jar=4387:C:\Users\Kazuk\AppData\Local\JetBrains\Toolbox\apps\IDEA-C\ch-0\201.6668.121\bin -Dfile.encoding=UTF-8 Views.Login

Host: AMD Ryzen 3 3200U with Radeon Vega Mobile Gfx  , 4 cores, 5G,  Windows 10 , 64 bit Build 18362 (10.0.18362.778)
Time: Thu May 21 19:44:36 2020 Hora de verano central (México) elapsed time: 6 seconds (0d 0h 0m 6s)

---------------  T H R E A D  ---------------

Current thread (0x00000137be9c1000):  JavaThread "AWT-EventQueue-0" [_thread_in_Java, id=11720, stack(0x0000001794100000,0x0000001794200000)]

Stack: [0x0000001794100000,0x0000001794200000],  sp=0x00000017941faae8,  free space=1002k
Native frames: (J=compiled Java code, j=interpreted, Vv=VM code, C=native code)
C  0x00000137a3139860


siginfo: EXCEPTION_ACCESS_VIOLATION (0xc0000005), reading address 0x00002c45bfd93cf8


Register to memory mapping:

RIP=0x00000137a3139860 is at code_begin+864 in an Interpreter codelet
invoke return entry points  [0x00000137a3139500, 0x00000137a3139ee0]  2528 bytes
RAX=0x000000000000000a is an unknown value
RBX=0x00002c45bfb94240 is an unknown value
RCX=0x000000000003ff50 is an unknown value
RDX=0x00000000a6bca220 is an oop: javax.swing.text.GapContent 
{0x00000000a6bca220} - klass: 'javax/swing/text/GapContent'
RSP=0x00000017941faae8 is pointing into the stack for thread: 0x00000137be9c1000
RBP=0x00000017941fab40 is pointing into the stack for thread: 0x00000137be9c1000
RSI=0x000000000000000c is an unknown value
RDI=0x0000000000000009 is an unknown value
R8 =0x0000000000000006 is an unknown value
R9 =0x0000000000000006 is an unknown value
R10=0x0000013798d11000 points into unknown readable memory: 00 00 00 00 00 00 00 00
R11=0x00000137a396dee0 is at entry_point+32 in (nmethod*)0x00000137a396dd10
R12=0x0 is NULL
R13=0x00000137bfca32d8 is pointing into metadata
R14=0x00000017941fab90 is pointing into the stack for thread: 0x00000137be9c1000
R15=0x00000137be9c1000 is a thread


Registers:
RAX=0x000000000000000a, RBX=0x00002c45bfb94240, RCX=0x000000000003ff50, RDX=0x00000000a6bca220
RSP=0x00000017941faae8, RBP=0x00000017941fab40, RSI=0x000000000000000c, RDI=0x0000000000000009
R8 =0x0000000000000006, R9 =0x0000000000000006, R10=0x0000013798d11000, R11=0x00000137a396dee0
R12=0x0000000000000000, R13=0x00000137bfca32d8, R14=0x00000017941fab90, R15=0x00000137be9c1000
RIP=0x00000137a3139860, EFLAGS=0x0000000000010216

Top of Stack: (sp=0x00000017941faae8)
0x00000017941faae8:   00000000a6bca220 0000000000000009
0x00000017941faaf8:   00000017941faaf8 00000137bfa7232c
0x00000017941fab08:   00000017941fab90 00000137bfa74fc0
0x00000017941fab18:   0000000000000000 00000000a6bb5378
0x00000017941fab28:   00000137bfa72470 0000000000000000
0x00000017941fab38:   00000017941fab78 00000017941fabe0
0x00000017941fab48:   00000137a3139e48 0000000000000000
0x00000017941fab58:   0000000000000000 0000000000000000
0x00000017941fab68:   0000000000000000 0000000000000009
0x00000017941fab78:   00000000a69d7400 0000000000000009
0x00000017941fab88:   0000000000000000 00000000a6bca220
0x00000017941fab98:   00000017941fab98 00000137bfa6cefe
0x00000017941faba8:   00000017941fac08 00000137bfa6ed40
0x00000017941fabb8:   0000000000000000 00000000a6bb4da8
0x00000017941fabc8:   00000137bfa6cf48 00000017941fab78
0x00000017941fabd8:   00000017941fabf0 00000017941fac58 

Instructions: (pc=0x00000137a3139860)
0x00000137a3139840:   48 8b 65 f0 48 c7 45 f0 00 00 00 00 4c 8b 6d c0
0x00000137a3139850:   4c 8b 75 c8 41 0f b7 4d 01 48 8b 5d d0 c1 e1 02
0x00000137a3139860:   8b 5c cb 38 81 e3 ff 00 00 00 48 8d 24 dc 41 0f
0x00000137a3139870:   b6 5d 03 49 83 c5 03 49 ba 50 cd 1b 09 f8 7f 00 


Stack slot to memory mapping:
stack at sp + 0 slots: 0x00000000a6bca220 is an oop: javax.swing.text.GapContent 
{0x00000000a6bca220} - klass: 'javax/swing/text/GapContent'
stack at sp + 1 slots: 0x0000000000000009 is an unknown value
stack at sp + 2 slots: 0x00000017941faaf8 is pointing into the stack for thread: 0x00000137be9c1000
stack at sp + 3 slots: 0x00000137bfa7232c is pointing into metadata
stack at sp + 4 slots: 0x00000017941fab90 is pointing into the stack for thread: 0x00000137be9c1000
stack at sp + 5 slots: 0x00000137bfa74fc0 is pointing into metadata
stack at sp + 6 slots: 0x0 is NULL
stack at sp + 7 slots: 0x00000000a6bb5378 is an oop: java.lang.Class 
{0x00000000a6bb5378} - klass: 'java/lang/Class'

invoke return entry points  [0x00000137a3139500, 0x00000137a3139ee0]  2528 bytes

---------------  P R O C E S S  ---------------

Threads class SMR info:
_java_thread_list=0x00000137be951bd0, length=20, elements={
0x00000137b7eaa000, 0x00000137b7e98000, 0x00000137b7ef6800, 0x00000137b8824800,
0x00000137b8825000, 0x00000137b8828000, 0x00000137b8897800, 0x00000137b89aa800,
0x00000137b8b6b800, 0x00000137b8b6c000, 0x00000137b8d64000, 0x00000137b8dc4800,
0x00000137b8f9e800, 0x00000137be9ac800, 0x00000137b8d65000, 0x00000137be924000,
0x00000137be9c1000, 0x000001379ad2d000, 0x00000137c04f0000, 0x00000137beace000
}

Java Threads: ( => current thread )
  0x00000137b7eaa000 JavaThread "Reference Handler" daemon [_thread_blocked, id=11168, stack(0x0000001792500000,0x0000001792600000)]
  0x00000137b7e98000 JavaThread "Finalizer" daemon [_thread_blocked, id=10420, stack(0x0000001792600000,0x0000001792700000)]
  0x00000137b7ef6800 JavaThread "Signal Dispatcher" daemon [_thread_blocked, id=6504, stack(0x0000001792700000,0x0000001792800000)]
  0x00000137b8824800 JavaThread "Attach Listener" daemon [_thread_blocked, id=11548, stack(0x0000001792800000,0x0000001792900000)]
  0x00000137b8825000 JavaThread "C2 CompilerThread0" daemon [_thread_blocked, id=8160, stack(0x0000001792900000,0x0000001792a00000)]
  0x00000137b8828000 JavaThread "C1 CompilerThread0" daemon [_thread_blocked, id=5396, stack(0x0000001792a00000,0x0000001792b00000)]
  0x00000137b8897800 JavaThread "Sweeper thread" daemon [_thread_blocked, id=3000, stack(0x0000001792b00000,0x0000001792c00000)]
  0x00000137b89aa800 JavaThread "Common-Cleaner" daemon [_thread_blocked, id=11844, stack(0x0000001792c00000,0x0000001792d00000)]
  0x00000137b8b6b800 JavaThread "Monitor Ctrl-Break" daemon [_thread_in_native, id=9496, stack(0x0000001792d00000,0x0000001792e00000)]
  0x00000137b8b6c000 JavaThread "Service Thread" daemon [_thread_blocked, id=11404, stack(0x0000001792e00000,0x0000001792f00000)]
  0x00000137b8d64000 JavaThread "Java2D Disposer" daemon [_thread_blocked, id=9720, stack(0x0000001793100000,0x0000001793200000)]
  0x00000137b8dc4800 JavaThread "AWT-Windows" daemon [_thread_in_native, id=3092, stack(0x0000001793300000,0x0000001793400000)]
  0x00000137b8f9e800 JavaThread "mysql-cj-abandoned-connection-cleanup" daemon [_thread_blocked, id=7180, stack(0x0000001793a00000,0x0000001793b00000)]
  0x00000137be9ac800 JavaThread "Image Fetcher 0" daemon [_thread_blocked, id=12824, stack(0x0000001793f00000,0x0000001794000000)]
  0x00000137b8d65000 JavaThread "Image Fetcher 1" daemon [_thread_blocked, id=1316, stack(0x0000001793200000,0x0000001793300000)]
  0x00000137be924000 JavaThread "AWT-Shutdown" [_thread_blocked, id=12724, stack(0x0000001794000000,0x0000001794100000)]
=>0x00000137be9c1000 JavaThread "AWT-EventQueue-0" [_thread_in_Java, id=11720, stack(0x0000001794100000,0x0000001794200000)]
  0x000001379ad2d000 JavaThread "DestroyJavaVM" [_thread_blocked, id=1676, stack(0x0000001791e00000,0x0000001791f00000)]
  0x00000137c04f0000 JavaThread "D3D Screen Updater" daemon [_thread_blocked, id=10896, stack(0x0000001794300000,0x0000001794400000)]
  0x00000137beace000 JavaThread "TimerQueue" daemon [_thread_blocked, id=10836, stack(0x0000001794400000,0x0000001794500000)]

Other Threads:
  0x00000137b7e73800 VMThread "VM Thread" [stack: 0x0000001792400000,0x0000001792500000] [id=768] _threads_hazard_ptr=0x00000137be951bd0
  0x00000137b8b71800 WatcherThread [stack: 0x0000001792f00000,0x0000001793000000] [id=8548]
  0x000001379ad45800 GCTaskThread "GC Thread#0" [stack: 0x0000001791f00000,0x0000001792000000] [id=8988]
  0x00000137b9184000 GCTaskThread "GC Thread#1" [stack: 0x0000001793c00000,0x0000001793d00000] [id=9856]
  0x00000137be6f4800 GCTaskThread "GC Thread#2" [stack: 0x0000001793d00000,0x0000001793e00000] [id=12952]
  0x00000137be6f5000 GCTaskThread "GC Thread#3" [stack: 0x0000001793e00000,0x0000001793f00000] [id=1052]
  0x000001379ad67000 ConcurrentGCThread "G1 Main Marker" [stack: 0x0000001792000000,0x0000001792100000] [id=11276]
  0x0000013798c1d800 ConcurrentGCThread "G1 Conc#0" [stack: 0x0000001792100000,0x0000001792200000] [id=11564]
  0x000001379add8800 ConcurrentGCThread "G1 Refine#0" [stack: 0x0000001792200000,0x0000001792300000] [id=9508]
  0x000001379add9800 ConcurrentGCThread "G1 Young RemSet Sampling" [stack: 0x0000001792300000,0x0000001792400000] [id=8276]

Threads with active compile tasks:

VM state:synchronizing (normal execution)

VM Mutex/Monitor currently owned by a thread:  ([mutex/lock_event])
[0x000001379ad2a2f0] Safepoint_lock - owner thread: 0x00000137b7e73800
[0x000001379ad2a020] Threads_lock - owner thread: 0x00000137b7e73800

Heap address: 0x00000000a0c00000, size: 1524 MB, Compressed Oops mode: 32-bit
Narrow klass base: 0x0000000000000000, Narrow klass shift: 3
Compressed class space size: 1073741824 Address: 0x0000000100000000

Heap:
 garbage-first heap   total 98304K, used 39360K [0x00000000a0c00000, 0x0000000100000000)
  region size 1024K, 6 young (6144K), 2 survivors (2048K)
 Metaspace       used 20114K, capacity 20578K, committed 20864K, reserved 1067008K
  class space    used 2148K, capacity 2356K, committed 2432K, reserved 1048576K
Heap Regions: E=young(eden), S=young(survivor), O=old, HS=humongous(starts), HC=humongous(continues), CS=collection set, F=free, A=archive, TAMS=top-at-mark-start (previous, next)
|   0|0x00000000a0c00000, 0x00000000a0d00000, 0x00000000a0d00000|100%| O|  |TAMS 0x00000000a0c00000, 0x00000000a0c00000| Untracked 
|   1|0x00000000a0d00000, 0x00000000a0e00000, 0x00000000a0e00000|100%|HS|  |TAMS 0x00000000a0d00000, 0x00000000a0d00000| Complete 
|   2|0x00000000a0e00000, 0x00000000a0f00000, 0x00000000a0f00000|100%|HC|  |TAMS 0x00000000a0e00000, 0x00000000a0e00000| Complete 
|   3|0x00000000a0f00000, 0x00000000a1000000, 0x00000000a1000000|100%|HC|  |TAMS 0x00000000a0f00000, 0x00000000a0f00000| Complete 
|   4|0x00000000a1000000, 0x00000000a1100000, 0x00000000a1100000|100%|HC|  |TAMS 0x00000000a1000000, 0x00000000a1000000| Complete 
|   5|0x00000000a1100000, 0x00000000a1200000, 0x00000000a1200000|100%|HC|  |TAMS 0x00000000a1100000, 0x00000000a1100000| Complete 
|   6|0x00000000a1200000, 0x00000000a1300000, 0x00000000a1300000|100%|HC|  |TAMS 0x00000000a1200000, 0x00000000a1200000| Complete 
|   7|0x00000000a1300000, 0x00000000a1400000, 0x00000000a1400000|100%|HC|  |TAMS 0x00000000a1300000, 0x00000000a1300000| Complete 
|   8|0x00000000a1400000, 0x00000000a1500000, 0x00000000a1500000|100%|HC|  |TAMS 0x00000000a1400000, 0x00000000a1400000| Complete 
|   9|0x00000000a1500000, 0x00000000a1600000, 0x00000000a1600000|100%|HC|  |TAMS 0x00000000a1500000, 0x00000000a1500000| Complete 
|  10|0x00000000a1600000, 0x00000000a1700000, 0x00000000a1700000|100%|HC|  |TAMS 0x00000000a1600000, 0x00000000a1600000| Complete 
|  11|0x00000000a1700000, 0x00000000a1800000, 0x00000000a1800000|100%|HC|  |TAMS 0x00000000a1700000, 0x00000000a1700000| Complete 
|  12|0x00000000a1800000, 0x00000000a1900000, 0x00000000a1900000|100%|HC|  |TAMS 0x00000000a1800000, 0x00000000a1800000| Complete 
|  13|0x00000000a1900000, 0x00000000a1a00000, 0x00000000a1a00000|100%|HC|  |TAMS 0x00000000a1900000, 0x00000000a1900000| Complete 
|  14|0x00000000a1a00000, 0x00000000a1b00000, 0x00000000a1b00000|100%|HC|  |TAMS 0x00000000a1a00000, 0x00000000a1a00000| Complete 
|  15|0x00000000a1b00000, 0x00000000a1c00000, 0x00000000a1c00000|100%|HC|  |TAMS 0x00000000a1b00000, 0x00000000a1b00000| Complete 
|  16|0x00000000a1c00000, 0x00000000a1d00000, 0x00000000a1d00000|100%|HC|  |TAMS 0x00000000a1c00000, 0x00000000a1c00000| Complete 
|  17|0x00000000a1d00000, 0x00000000a1e00000, 0x00000000a1e00000|100%|HC|  |TAMS 0x00000000a1d00000, 0x00000000a1d00000| Complete 
|  18|0x00000000a1e00000, 0x00000000a1f00000, 0x00000000a1f00000|100%|HC|  |TAMS 0x00000000a1e00000, 0x00000000a1e00000| Complete 
|  19|0x00000000a1f00000, 0x00000000a2000000, 0x00000000a2000000|100%|HC|  |TAMS 0x00000000a1f00000, 0x00000000a1f00000| Complete 
|  20|0x00000000a2000000, 0x00000000a2100000, 0x00000000a2100000|100%|HC|  |TAMS 0x00000000a2000000, 0x00000000a2000000| Complete 
|  21|0x00000000a2100000, 0x00000000a2200000, 0x00000000a2200000|100%|HC|  |TAMS 0x00000000a2100000, 0x00000000a2100000| Complete 
|  22|0x00000000a2200000, 0x00000000a2300000, 0x00000000a2300000|100%|HC|  |TAMS 0x00000000a2200000, 0x00000000a2200000| Complete 
|  23|0x00000000a2300000, 0x00000000a2400000, 0x00000000a2400000|100%|HC|  |TAMS 0x00000000a2300000, 0x00000000a2300000| Complete 
|  24|0x00000000a2400000, 0x00000000a2500000, 0x00000000a2500000|100%| O|  |TAMS 0x00000000a2400000, 0x00000000a2400000| Untracked 
|  25|0x00000000a2500000, 0x00000000a2600000, 0x00000000a2600000|100%| O|  |TAMS 0x00000000a2500000, 0x00000000a2500000| Untracked 
|  26|0x00000000a2600000, 0x00000000a2600000, 0x00000000a2700000|  0%| F|  |TAMS 0x00000000a2600000, 0x00000000a2600000| Untracked 
|  27|0x00000000a2700000, 0x00000000a2700000, 0x00000000a2800000|  0%| F|  |TAMS 0x00000000a2700000, 0x00000000a2700000| Untracked 
|  28|0x00000000a2800000, 0x00000000a2900000, 0x00000000a2900000|100%|HS|  |TAMS 0x00000000a2800000, 0x00000000a2800000| Complete 
|  29|0x00000000a2900000, 0x00000000a2a00000, 0x00000000a2a00000|100%|HC|  |TAMS 0x00000000a2900000, 0x00000000a2900000| Complete 
|  30|0x00000000a2a00000, 0x00000000a2b00000, 0x00000000a2b00000|100%|HS|  |TAMS 0x00000000a2a00000, 0x00000000a2a00000| Complete 
|  31|0x00000000a2b00000, 0x00000000a2c00000, 0x00000000a2c00000|100%|HC|  |TAMS 0x00000000a2b00000, 0x00000000a2b00000| Complete 
|  32|0x00000000a2c00000, 0x00000000a2d00000, 0x00000000a2d00000|100%|HC|  |TAMS 0x00000000a2c00000, 0x00000000a2c00000| Complete 
|  33|0x00000000a2d00000, 0x00000000a2e00000, 0x00000000a2e00000|100%|HC|  |TAMS 0x00000000a2d00000, 0x00000000a2d00000| Complete 
|  34|0x00000000a2e00000, 0x00000000a2f00000, 0x00000000a2f00000|100%|HS|  |TAMS 0x00000000a2e00000, 0x00000000a2e00000| Complete 
|  35|0x00000000a2f00000, 0x00000000a3000000, 0x00000000a3000000|100%|HC|  |TAMS 0x00000000a2f00000, 0x00000000a2f00000| Complete 
|  36|0x00000000a3000000, 0x00000000a3000000, 0x00000000a3100000|  0%| F|  |TAMS 0x00000000a3000000, 0x00000000a3000000| Untracked 
|  37|0x00000000a3100000, 0x00000000a3100000, 0x00000000a3200000|  0%| F|  |TAMS 0x00000000a3100000, 0x00000000a3100000| Untracked 
|  38|0x00000000a3200000, 0x00000000a3200000, 0x00000000a3300000|  0%| F|  |TAMS 0x00000000a3200000, 0x00000000a3200000| Untracked 
|  39|0x00000000a3300000, 0x00000000a3300000, 0x00000000a3400000|  0%| F|  |TAMS 0x00000000a3300000, 0x00000000a3300000| Untracked 
|  40|0x00000000a3400000, 0x00000000a3400000, 0x00000000a3500000|  0%| F|  |TAMS 0x00000000a3400000, 0x00000000a3400000| Untracked 
|  41|0x00000000a3500000, 0x00000000a3500000, 0x00000000a3600000|  0%| F|  |TAMS 0x00000000a3500000, 0x00000000a3500000| Untracked 
|  42|0x00000000a3600000, 0x00000000a3600000, 0x00000000a3700000|  0%| F|  |TAMS 0x00000000a3600000, 0x00000000a3600000| Untracked 
|  43|0x00000000a3700000, 0x00000000a3700000, 0x00000000a3800000|  0%| F|  |TAMS 0x00000000a3700000, 0x00000000a3700000| Untracked 
|  44|0x00000000a3800000, 0x00000000a3800000, 0x00000000a3900000|  0%| F|  |TAMS 0x00000000a3800000, 0x00000000a3800000| Untracked 
|  45|0x00000000a3900000, 0x00000000a3900000, 0x00000000a3a00000|  0%| F|  |TAMS 0x00000000a3900000, 0x00000000a3900000| Untracked 
|  46|0x00000000a3a00000, 0x00000000a3a00000, 0x00000000a3b00000|  0%| F|  |TAMS 0x00000000a3a00000, 0x00000000a3a00000| Untracked 
|  47|0x00000000a3b00000, 0x00000000a3b00000, 0x00000000a3c00000|  0%| F|  |TAMS 0x00000000a3b00000, 0x00000000a3b00000| Untracked 
|  48|0x00000000a3c00000, 0x00000000a3c00000, 0x00000000a3d00000|  0%| F|  |TAMS 0x00000000a3c00000, 0x00000000a3c00000| Untracked 
|  49|0x00000000a3d00000, 0x00000000a3d00000, 0x00000000a3e00000|  0%| F|  |TAMS 0x00000000a3d00000, 0x00000000a3d00000| Untracked 
|  50|0x00000000a3e00000, 0x00000000a3e00000, 0x00000000a3f00000|  0%| F|  |TAMS 0x00000000a3e00000, 0x00000000a3e00000| Untracked 
|  51|0x00000000a3f00000, 0x00000000a3f00000, 0x00000000a4000000|  0%| F|  |TAMS 0x00000000a3f00000, 0x00000000a3f00000| Untracked 
|  52|0x00000000a4000000, 0x00000000a4000000, 0x00000000a4100000|  0%| F|  |TAMS 0x00000000a4000000, 0x00000000a4000000| Untracked 
|  53|0x00000000a4100000, 0x00000000a4100000, 0x00000000a4200000|  0%| F|  |TAMS 0x00000000a4100000, 0x00000000a4100000| Untracked 
|  54|0x00000000a4200000, 0x00000000a4200000, 0x00000000a4300000|  0%| F|  |TAMS 0x00000000a4200000, 0x00000000a4200000| Untracked 
|  55|0x00000000a4300000, 0x00000000a4300000, 0x00000000a4400000|  0%| F|  |TAMS 0x00000000a4300000, 0x00000000a4300000| Untracked 
|  56|0x00000000a4400000, 0x00000000a4400000, 0x00000000a4500000|  0%| F|  |TAMS 0x00000000a4400000, 0x00000000a4400000| Untracked 
|  57|0x00000000a4500000, 0x00000000a4500000, 0x00000000a4600000|  0%| F|  |TAMS 0x00000000a4500000, 0x00000000a4500000| Untracked 
|  58|0x00000000a4600000, 0x00000000a4600000, 0x00000000a4700000|  0%| F|  |TAMS 0x00000000a4600000, 0x00000000a4600000| Untracked 
|  59|0x00000000a4700000, 0x00000000a4700000, 0x00000000a4800000|  0%| F|  |TAMS 0x00000000a4700000, 0x00000000a4700000| Untracked 
|  60|0x00000000a4800000, 0x00000000a4800000, 0x00000000a4900000|  0%| F|  |TAMS 0x00000000a4800000, 0x00000000a4800000| Untracked 
|  61|0x00000000a4900000, 0x00000000a4900000, 0x00000000a4a00000|  0%| F|  |TAMS 0x00000000a4900000, 0x00000000a4900000| Untracked 
|  62|0x00000000a4a00000, 0x00000000a4a00000, 0x00000000a4b00000|  0%| F|  |TAMS 0x00000000a4a00000, 0x00000000a4a00000| Untracked 
|  63|0x00000000a4b00000, 0x00000000a4b00000, 0x00000000a4c00000|  0%| F|  |TAMS 0x00000000a4b00000, 0x00000000a4b00000| Untracked 
|  64|0x00000000a4c00000, 0x00000000a4c00000, 0x00000000a4d00000|  0%| F|  |TAMS 0x00000000a4c00000, 0x00000000a4c00000| Untracked 
|  65|0x00000000a4d00000, 0x00000000a4d00000, 0x00000000a4e00000|  0%| F|  |TAMS 0x00000000a4d00000, 0x00000000a4d00000| Untracked 
|  66|0x00000000a4e00000, 0x00000000a4e00000, 0x00000000a4f00000|  0%| F|  |TAMS 0x00000000a4e00000, 0x00000000a4e00000| Untracked 
|  67|0x00000000a4f00000, 0x00000000a4f701d0, 0x00000000a5000000| 43%| S|CS|TAMS 0x00000000a4f00000, 0x00000000a4f00000| Complete 
|  68|0x00000000a5000000, 0x00000000a5100000, 0x00000000a5100000|100%| S|CS|TAMS 0x00000000a5000000, 0x00000000a5000000| Complete 
|  69|0x00000000a5100000, 0x00000000a5100000, 0x00000000a5200000|  0%| F|  |TAMS 0x00000000a5100000, 0x00000000a5100000| Untracked 
|  70|0x00000000a5200000, 0x00000000a5200000, 0x00000000a5300000|  0%| F|  |TAMS 0x00000000a5200000, 0x00000000a5200000| Untracked 
|  71|0x00000000a5300000, 0x00000000a5300000, 0x00000000a5400000|  0%| F|  |TAMS 0x00000000a5300000, 0x00000000a5300000| Untracked 
|  72|0x00000000a5400000, 0x00000000a5400000, 0x00000000a5500000|  0%| F|  |TAMS 0x00000000a5400000, 0x00000000a5400000| Untracked 
|  73|0x00000000a5500000, 0x00000000a5500000, 0x00000000a5600000|  0%| F|  |TAMS 0x00000000a5500000, 0x00000000a5500000| Untracked 
|  74|0x00000000a5600000, 0x00000000a5600000, 0x00000000a5700000|  0%| F|  |TAMS 0x00000000a5600000, 0x00000000a5600000| Untracked 
|  75|0x00000000a5700000, 0x00000000a5700000, 0x00000000a5800000|  0%| F|  |TAMS 0x00000000a5700000, 0x00000000a5700000| Untracked 
|  76|0x00000000a5800000, 0x00000000a5800000, 0x00000000a5900000|  0%| F|  |TAMS 0x00000000a5800000, 0x00000000a5800000| Untracked 
|  77|0x00000000a5900000, 0x00000000a5900000, 0x00000000a5a00000|  0%| F|  |TAMS 0x00000000a5900000, 0x00000000a5900000| Untracked 
|  78|0x00000000a5a00000, 0x00000000a5a00000, 0x00000000a5b00000|  0%| F|  |TAMS 0x00000000a5a00000, 0x00000000a5a00000| Untracked 
|  79|0x00000000a5b00000, 0x00000000a5b00000, 0x00000000a5c00000|  0%| F|  |TAMS 0x00000000a5b00000, 0x00000000a5b00000| Untracked 
|  80|0x00000000a5c00000, 0x00000000a5c00000, 0x00000000a5d00000|  0%| F|  |TAMS 0x00000000a5c00000, 0x00000000a5c00000| Untracked 
|  81|0x00000000a5d00000, 0x00000000a5d00000, 0x00000000a5e00000|  0%| F|  |TAMS 0x00000000a5d00000, 0x00000000a5d00000| Untracked 
|  82|0x00000000a5e00000, 0x00000000a5e00000, 0x00000000a5f00000|  0%| F|  |TAMS 0x00000000a5e00000, 0x00000000a5e00000| Untracked 
|  83|0x00000000a5f00000, 0x00000000a5f00000, 0x00000000a6000000|  0%| F|  |TAMS 0x00000000a5f00000, 0x00000000a5f00000| Untracked 
|  84|0x00000000a6000000, 0x00000000a6000000, 0x00000000a6100000|  0%| F|  |TAMS 0x00000000a6000000, 0x00000000a6000000| Untracked 
|  85|0x00000000a6100000, 0x00000000a6100000, 0x00000000a6200000|  0%| F|  |TAMS 0x00000000a6100000, 0x00000000a6100000| Untracked 
|  86|0x00000000a6200000, 0x00000000a6200000, 0x00000000a6300000|  0%| F|  |TAMS 0x00000000a6200000, 0x00000000a6200000| Untracked 
|  87|0x00000000a6300000, 0x00000000a6300000, 0x00000000a6400000|  0%| F|  |TAMS 0x00000000a6300000, 0x00000000a6300000| Untracked 
|  88|0x00000000a6400000, 0x00000000a6400000, 0x00000000a6500000|  0%| F|  |TAMS 0x00000000a6400000, 0x00000000a6400000| Untracked 
|  89|0x00000000a6500000, 0x00000000a6500000, 0x00000000a6600000|  0%| F|  |TAMS 0x00000000a6500000, 0x00000000a6500000| Untracked 
|  90|0x00000000a6600000, 0x00000000a6600000, 0x00000000a6700000|  0%| F|  |TAMS 0x00000000a6600000, 0x00000000a6600000| Untracked 
|  91|0x00000000a6700000, 0x00000000a6700000, 0x00000000a6800000|  0%| F|  |TAMS 0x00000000a6700000, 0x00000000a6700000| Untracked 
|  92|0x00000000a6800000, 0x00000000a6900000, 0x00000000a6900000|100%| E|  |TAMS 0x00000000a6800000, 0x00000000a6800000| Complete 
|  93|0x00000000a6900000, 0x00000000a6a00000, 0x00000000a6a00000|100%| E|CS|TAMS 0x00000000a6900000, 0x00000000a6900000| Complete 
|  94|0x00000000a6a00000, 0x00000000a6b00000, 0x00000000a6b00000|100%| E|CS|TAMS 0x00000000a6a00000, 0x00000000a6a00000| Complete 
|  95|0x00000000a6b00000, 0x00000000a6c00000, 0x00000000a6c00000|100%| E|CS|TAMS 0x00000000a6b00000, 0x00000000a6b00000| Complete 

Card table byte_map: [0x00000137b2430000,0x00000137b2730000] _byte_map_base: 0x00000137b1f2a000

Marking Bits (Prev, Next): (CMBitMap*) 0x000001379ad63668, (CMBitMap*) 0x000001379ad636a0
 Prev Bits: [0x00000137b2a30000, 0x00000137b4200000)
 Next Bits: [0x00000137b4200000, 0x00000137b59d0000)

Polling page: 0x0000013798d10000

Metaspace:

Usage:
  Non-class:     17.79 MB capacity,    17.54 MB ( 99%) used,   202.25 KB (  1%) free+waste,    53.81 KB ( <1%) overhead. 
      Class:      2.30 MB capacity,     2.10 MB ( 91%) used,   179.83 KB (  8%) free+waste,    27.81 KB (  1%) overhead. 
       Both:     20.10 MB capacity,    19.64 MB ( 98%) used,   382.08 KB (  2%) free+waste,    81.63 KB ( <1%) overhead. 

Virtual space:
  Non-class space:       18.00 MB reserved,      18.00 MB (100%) committed 
      Class space:        1.00 GB reserved,       2.38 MB ( <1%) committed 
             Both:        1.02 GB reserved,      20.38 MB (  2%) committed 

Chunk freelists:
   Non-Class:  2.25 KB
       Class:  1.50 KB
        Both:  3.75 KB

CodeHeap 'non-profiled nmethods': size=120064Kb used=683Kb max_used=683Kb free=119380Kb
 bounds [0x00000137aabf0000, 0x00000137aae60000, 0x00000137b2130000]
CodeHeap 'profiled nmethods': size=120000Kb used=2809Kb max_used=2809Kb free=117191Kb
 bounds [0x00000137a36c0000, 0x00000137a3980000, 0x00000137aabf0000]
CodeHeap 'non-nmethods': size=5696Kb used=1261Kb max_used=1303Kb free=4434Kb
 bounds [0x00000137a3130000, 0x00000137a33a0000, 0x00000137a36c0000]
 total_blobs=2513 nmethods=1510 adapters=568
 compilation: enabled
              stopped_count=0, restarted_count=0
 full_count=0

Compilation events (10 events):
Event: 6.280 Thread 0x00000137b8828000 1507       3       java.awt.font.FontRenderContext::hashCode (71 bytes)
Event: 6.281 Thread 0x00000137b8828000 nmethod 1507 0x00000137a397b890 code [0x00000137a397bae0, 0x00000137a397c4b0]
Event: 6.281 Thread 0x00000137b8828000 1508       3       sun.font.SunFontManager::maybeUsingAlternateCompositeFonts (20 bytes)
Event: 6.281 Thread 0x00000137b8828000 nmethod 1508 0x00000137a397c710 code [0x00000137a397c8c0, 0x00000137a397cab8]
Event: 6.281 Thread 0x00000137b8828000 1509       3       sun.font.FontDesignMetrics::getDefaultFrc (53 bytes)
Event: 6.281 Thread 0x00000137b8828000 nmethod 1509 0x00000137a397cb90 code [0x00000137a397cde0, 0x00000137a397d7f0]
Event: 6.281 Thread 0x00000137b8828000 1510       3       sun.font.FontDesignMetrics$MetricsKey::equals (49 bytes)
Event: 6.282 Thread 0x00000137b8828000 nmethod 1510 0x00000137a397da90 code [0x00000137a397dc80, 0x00000137a397e2a0]
Event: 6.362 Thread 0x00000137b8828000 1511       1       sun.java2d.pipe.Region::getLoY (5 bytes)
Event: 6.362 Thread 0x00000137b8828000 nmethod 1511 0x00000137aac9ab10 code [0x00000137aac9aca0, 0x00000137aac9adb8]

GC Heap History (6 events):
Event: 1.300 GC heap before
{Heap before GC invocations=0 (full 0):
 garbage-first heap   total 98304K, used 14336K [0x00000000a0c00000, 0x0000000100000000)
  region size 1024K, 14 young (14336K), 0 survivors (0K)
 Metaspace       used 15146K, capacity 15595K, committed 15872K, reserved 1062912K
  class space    used 1520K, capacity 1739K, committed 1792K, reserved 1048576K
}
Event: 1.306 GC heap after
{Heap after GC invocations=1 (full 0):
 garbage-first heap   total 98304K, used 3038K [0x00000000a0c00000, 0x0000000100000000)
  region size 1024K, 2 young (2048K), 2 survivors (2048K)
 Metaspace       used 15146K, capacity 15595K, committed 15872K, reserved 1062912K
  class space    used 1520K, capacity 1739K, committed 1792K, reserved 1048576K
}
Event: 1.432 GC heap before
{Heap before GC invocations=1 (full 0):
 garbage-first heap   total 98304K, used 32734K [0x00000000a0c00000, 0x0000000100000000)
  region size 1024K, 9 young (9216K), 2 survivors (2048K)
 Metaspace       used 16033K, capacity 16484K, committed 16768K, reserved 1064960K
  class space    used 1623K, capacity 1822K, committed 1920K, reserved 1048576K
}
Event: 1.435 GC heap after
{Heap after GC invocations=2 (full 0):
 garbage-first heap   total 98304K, used 27926K [0x00000000a0c00000, 0x0000000100000000)
  region size 1024K, 2 young (2048K), 2 survivors (2048K)
 Metaspace       used 16033K, capacity 16484K, committed 16768K, reserved 1064960K
  class space    used 1623K, capacity 1822K, committed 1920K, reserved 1048576K
}
Event: 2.263 GC heap before
{Heap before GC invocations=2 (full 0):
 garbage-first heap   total 98304K, used 63766K [0x00000000a0c00000, 0x0000000100000000)
  region size 1024K, 27 young (27648K), 2 survivors (2048K)
 Metaspace       used 16153K, capacity 16551K, committed 16768K, reserved 1064960K
  class space    used 1629K, capacity 1822K, committed 1920K, reserved 1048576K
}
Event: 2.264 GC heap after
{Heap after GC invocations=3 (full 0):
 garbage-first heap   total 98304K, used 36288K [0x00000000a0c00000, 0x0000000100000000)
  region size 1024K, 2 young (2048K), 2 survivors (2048K)
 Metaspace       used 16153K, capacity 16551K, committed 16768K, reserved 1064960K
  class space    used 1629K, capacity 1822K, committed 1920K, reserved 1048576K
}

Deoptimization events (10 events):
Event: 2.343 Thread 0x000001379ad2d000 Uncommon trap: reason=class_check action=maybe_recompile pc=0x00000137aac4be74 method=java.util.HashMap.getNode(ILjava/lang/Object;)Ljava/util/HashMap$Node; @ 126 c2
Event: 2.343 Thread 0x000001379ad2d000 Uncommon trap: reason=class_check action=maybe_recompile pc=0x00000137aac4be74 method=java.util.HashMap.getNode(ILjava/lang/Object;)Ljava/util/HashMap$Node; @ 126 c2
Event: 2.343 Thread 0x000001379ad2d000 Uncommon trap: reason=class_check action=maybe_recompile pc=0x00000137aac4be74 method=java.util.HashMap.getNode(ILjava/lang/Object;)Ljava/util/HashMap$Node; @ 126 c2
Event: 2.343 Thread 0x000001379ad2d000 Uncommon trap: reason=class_check action=maybe_recompile pc=0x00000137aac4be74 method=java.util.HashMap.getNode(ILjava/lang/Object;)Ljava/util/HashMap$Node; @ 126 c2
Event: 2.386 Thread 0x000001379ad2d000 Uncommon trap: reason=unstable_if action=reinterpret pc=0x00000137aac30d38 method=java.lang.StringUTF16.compress([CI[BII)I @ 20 c2
Event: 2.423 Thread 0x000001379ad2d000 Uncommon trap: reason=unstable_if action=reinterpret pc=0x00000137aac4c978 method=java.util.Objects.equals(Ljava/lang/Object;Ljava/lang/Object;)Z @ 6 c2
Event: 5.231 Thread 0x00000137be9c1000 Uncommon trap: reason=class_check action=maybe_recompile pc=0x00000137aabf9cdc method=java.lang.String.equals(Ljava/lang/Object;)Z @ 8 c2
Event: 5.231 Thread 0x00000137be9c1000 Uncommon trap: reason=class_check action=maybe_recompile pc=0x00000137aabf9cdc method=java.lang.String.equals(Ljava/lang/Object;)Z @ 8 c2
Event: 5.370 Thread 0x00000137be9c1000 Uncommon trap: reason=class_check action=maybe_recompile pc=0x00000137aabf9cdc method=java.lang.String.equals(Ljava/lang/Object;)Z @ 8 c2
Event: 5.370 Thread 0x00000137be9c1000 Uncommon trap: reason=class_check action=maybe_recompile pc=0x00000137aabf9cdc method=java.lang.String.equals(Ljava/lang/Object;)Z @ 8 c2

Classes redefined (0 events):
No events

Internal exceptions (10 events):
Event: 0.958 Thread 0x000001379ad2d000 Implicit null exception at 0x00000137aac1f1d8 to 0x00000137aac1f26a
Event: 1.019 Thread 0x000001379ad2d000 Exception <a 'java/lang/NoSuchMethodError'{0x00000000a63562b8}: java.lang.invoke.DirectMethodHandle$Holder.invokeSpecialIFC(Ljava/lang/Object;Ljava/lang/Object;I)I> (0x00000000a63562b8) thrown at [./open/src/hotspot/share/interpreter/linkResolver.cpp, lin
Event: 1.109 Thread 0x000001379ad2d000 Exception <a 'java/lang/NoSuchMethodError'{0x00000000a62bb838}: java.lang.invoke.DirectMethodHandle$Holder.invokeVirtual(Ljava/lang/Object;Ljava/lang/Object;Ljava/lang/Object;)Ljava/lang/Object;> (0x00000000a62bb838) thrown at [./open/src/hotspot/share/in
Event: 2.148 Thread 0x00000137be9ac800 Implicit null exception at 0x00000137aac5da00 to 0x00000137aac5df5e
Event: 2.492 Thread 0x000001379ad2d000 Exception <a 'java/lang/NoSuchMethodError'{0x00000000a692c3f0}: java.lang.invoke.DirectMethodHandle$Holder.invokeStaticInit(Ljava/lang/Object;)V> (0x00000000a692c3f0) thrown at [./open/src/hotspot/share/interpreter/linkResolver.cpp, line 772]
Event: 2.502 Thread 0x000001379ad2d000 Exception <a 'java/lang/NoSuchMethodError'{0x00000000a697ec60}: java.lang.invoke.DirectMethodHandle$Holder.invokeStatic(Ljava/lang/Object;Ljava/lang/Object;Ljava/lang/Object;Ljava/lang/Object;Ljava/lang/Object;Ljava/lang/Object;Ljava/lang/Object;Ljava/lan
Event: 2.504 Thread 0x000001379ad2d000 Exception <a 'java/lang/NoSuchMethodError'{0x00000000a699cce0}: java.lang.invoke.DirectMethodHandle$Holder.invokeStatic(Ljava/lang/Object;Ljava/lang/Object;Ljava/lang/Object;Ljava/lang/Object;Ljava/lang/Object;Ljava/lang/Object;Ljava/lang/Object;Ljava/lan
Event: 2.508 Thread 0x000001379ad2d000 Exception <a 'java/lang/NoSuchMethodError'{0x00000000a69bc3f0}: java.lang.invoke.DirectMethodHandle$Holder.invokeStatic(Ljava/lang/Object;Ljava/lang/Object;Ljava/lang/Object;Ljava/lang/Object;Ljava/lang/Object;Ljava/lang/Object;Ljava/lang/Object;Ljava/lan
Event: 2.509 Thread 0x000001379ad2d000 Exception <a 'java/lang/NoSuchMethodError'{0x00000000a69c8448}: java.lang.invoke.Invokers$Holder.linkToTargetMethod(Ljava/lang/Object;ILjava/lang/Object;)Ljava/lang/Object;> (0x00000000a69c8448) thrown at [./open/src/hotspot/share/interpreter/linkResolver
Event: 2.633 Thread 0x00000137be9c1000 Exception <a 'java/lang/NoSuchMethodError'{0x00000000a682b7b8}: java.lang.invoke.DirectMethodHandle$Holder.invokeStatic(Ljava/lang/Object;Ljava/lang/Object;Ljava/lang/Object;Ljava/lang/Object;Ljava/lang/Object;Ljava/lang/Object;Ljava/lang/Object;Ljava/lan

Events (10 events):
Event: 5.370 Thread 0x00000137be9c1000 DEOPT PACKING pc=0x00000137aabf9cdc sp=0x00000017941fafa0
Event: 5.370 Thread 0x00000137be9c1000 DEOPT UNPACKING pc=0x00000137a3158f2f sp=0x00000017941faf48 mode 2
Event: 5.370 Executing VM operation: RevokeBias
Event: 5.370 Executing VM operation: RevokeBias done
Event: 5.370 Executing VM operation: RevokeBias
Event: 5.370 Executing VM operation: RevokeBias done
Event: 5.370 Executing VM operation: RevokeBias
Event: 5.371 Executing VM operation: RevokeBias done
Event: 5.371 Executing VM operation: RevokeBias
Event: 5.371 Executing VM operation: RevokeBias done


Dynamic libraries:
0x00007ff695280000 - 0x00007ff6952c7000 	C:\Program Files\Java\jdk-11.0.7\bin\java.exe
0x00007ff851b40000 - 0x00007ff851d30000 	C:\Windows\SYSTEM32\ntdll.dll
0x00007ff851890000 - 0x00007ff851942000 	C:\Windows\System32\KERNEL32.DLL
0x00007ff84f4a0000 - 0x00007ff84f744000 	C:\Windows\System32\KERNELBASE.dll
0x00007ff8507e0000 - 0x00007ff850883000 	C:\Windows\System32\ADVAPI32.dll
0x00007ff8519b0000 - 0x00007ff851a4e000 	C:\Windows\System32\msvcrt.dll
0x00007ff850180000 - 0x00007ff850217000 	C:\Windows\System32\sechost.dll
0x00007ff851020000 - 0x00007ff851140000 	C:\Windows\System32\RPCRT4.dll
0x00007ff8502a0000 - 0x00007ff850434000 	C:\Windows\System32\USER32.dll
0x00007ff84f470000 - 0x00007ff84f491000 	C:\Windows\System32\win32u.dll
0x00007ff851950000 - 0x00007ff851976000 	C:\Windows\System32\GDI32.dll
0x00007ff84eb50000 - 0x00007ff84ece4000 	C:\Windows\System32\gdi32full.dll
0x00007ff84f780000 - 0x00007ff84f81e000 	C:\Windows\System32\msvcp_win.dll
0x00007ff84faf0000 - 0x00007ff84fbea000 	C:\Windows\System32\ucrtbase.dll
0x00007ff8410d0000 - 0x00007ff841354000 	C:\Windows\WinSxS\amd64_microsoft.windows.common-controls_6595b64144ccf1df_6.0.18362.836_none_e6c4b943130f18ed\COMCTL32.dll
0x00007ff84fbf0000 - 0x00007ff84ff26000 	C:\Windows\System32\combase.dll
0x00007ff84ead0000 - 0x00007ff84eb50000 	C:\Windows\System32\bcryptPrimitives.dll
0x00007ff8472a0000 - 0x00007ff8472aa000 	C:\Windows\SYSTEM32\VERSION.dll
0x00007ff851980000 - 0x00007ff8519ae000 	C:\Windows\System32\IMM32.DLL
0x00007ff847fd0000 - 0x00007ff847fe6000 	C:\Program Files\Java\jdk-11.0.7\bin\vcruntime140.dll
0x00007ff8403a0000 - 0x00007ff84044a000 	C:\Program Files\Java\jdk-11.0.7\bin\msvcp140.dll
0x00007ff808710000 - 0x00007ff809271000 	C:\Program Files\Java\jdk-11.0.7\bin\server\jvm.dll
0x00007ff850440000 - 0x00007ff850448000 	C:\Windows\System32\PSAPI.DLL
0x00007ff84b6b0000 - 0x00007ff84b6d4000 	C:\Windows\SYSTEM32\WINMM.dll
0x00007ff84b680000 - 0x00007ff84b6ad000 	C:\Windows\SYSTEM32\WINMMBASE.dll
0x00007ff84f820000 - 0x00007ff84f86a000 	C:\Windows\System32\cfgmgr32.dll
0x00007ff8470c0000 - 0x00007ff8470c9000 	C:\Windows\SYSTEM32\WSOCK32.dll
0x00007ff8508b0000 - 0x00007ff85091f000 	C:\Windows\System32\WS2_32.dll
0x00007ff84ea10000 - 0x00007ff84ea21000 	C:\Windows\System32\kernel.appcore.dll
0x00007ff8420c0000 - 0x00007ff8420d1000 	C:\Program Files\Java\jdk-11.0.7\bin\verify.dll
0x00007ff82b7f0000 - 0x00007ff82b9e4000 	C:\Windows\SYSTEM32\DBGHELP.DLL
0x00007ff842110000 - 0x00007ff84213a000 	C:\Windows\SYSTEM32\dbgcore.DLL
0x00007ff840250000 - 0x00007ff840279000 	C:\Program Files\Java\jdk-11.0.7\bin\java.dll
0x00007ff844d40000 - 0x00007ff844d4a000 	C:\Program Files\Java\jdk-11.0.7\bin\jimage.dll
0x00007ff840370000 - 0x00007ff8403a0000 	C:\Program Files\Java\jdk-11.0.7\bin\instrument.dll
0x00007ff83fe50000 - 0x00007ff83fe66000 	C:\Program Files\Java\jdk-11.0.7\bin\zip.dll
0x00007ff8511a0000 - 0x00007ff851884000 	C:\Windows\System32\SHELL32.dll
0x00007ff851a50000 - 0x00007ff851af9000 	C:\Windows\System32\shcore.dll
0x00007ff84ecf0000 - 0x00007ff84f46e000 	C:\Windows\System32\windows.storage.dll
0x00007ff84ea30000 - 0x00007ff84ea53000 	C:\Windows\System32\profapi.dll
0x00007ff84ea80000 - 0x00007ff84eaca000 	C:\Windows\System32\powrprof.dll
0x00007ff84ea00000 - 0x00007ff84ea10000 	C:\Windows\System32\UMPDC.dll
0x00007ff850450000 - 0x00007ff8504a2000 	C:\Windows\System32\shlwapi.dll
0x00007ff84f870000 - 0x00007ff84f887000 	C:\Windows\System32\cryptsp.dll
0x00007ff83e510000 - 0x00007ff83e529000 	C:\Program Files\Java\jdk-11.0.7\bin\net.dll
0x00007ff846120000 - 0x00007ff846210000 	C:\Windows\SYSTEM32\WINHTTP.dll
0x00007ff84e270000 - 0x00007ff84e2d7000 	C:\Windows\system32\mswsock.dll
0x00007ff83c980000 - 0x00007ff83c993000 	C:\Program Files\Java\jdk-11.0.7\bin\nio.dll
0x00007ff8468c0000 - 0x00007ff8468da000 	C:\Users\Kazuk\AppData\Local\JetBrains\Toolbox\apps\IDEA-C\ch-0\201.6668.121\bin\breakgen64.dll
0x00007ff8253f0000 - 0x00007ff82558f000 	C:\Program Files\Java\jdk-11.0.7\bin\awt.dll
0x00007ff8509a0000 - 0x00007ff850a64000 	C:\Windows\System32\OLEAUT32.dll
0x00007ff84cc70000 - 0x00007ff84ccff000 	C:\Windows\SYSTEM32\apphelp.dll
0x00007ff84d1a0000 - 0x00007ff84d1cd000 	C:\Windows\system32\DWMAPI.DLL
0x00007ff84cd70000 - 0x00007ff84ce09000 	C:\Windows\system32\uxtheme.dll
0x00007ff82b1b0000 - 0x00007ff82b306000 	C:\Windows\system32\opengl32.dll
0x00007ff83ed00000 - 0x00007ff83ed2c000 	C:\Windows\SYSTEM32\GLU32.dll
0x00007ff84d670000 - 0x00007ff84d690000 	C:\Windows\SYSTEM32\dxcore.dll
0x00007ff850a70000 - 0x00007ff850ba6000 	C:\Windows\System32\MSCTF.dll
0x00007ff84ff30000 - 0x00007ff850087000 	C:\Windows\System32\ole32.dll
0x00007ff82c310000 - 0x00007ff82c4d7000 	C:\Windows\system32\d3d9.dll
0x00007ff8472b0000 - 0x00007ff84748a000 	C:\Windows\System32\DriverStore\FileRepository\u0343188.inf_amd64_afc8f71670be97fc\B342852\aticfx64.dll
0x00007ff83f2e0000 - 0x00007ff83f310000 	C:\Windows\System32\DriverStore\FileRepository\u0343188.inf_amd64_afc8f71670be97fc\B342852\atiu9p64.dll
0x00007ff81b9d0000 - 0x00007ff81c653000 	C:\Windows\System32\DriverStore\FileRepository\u0343188.inf_amd64_afc8f71670be97fc\B342852\atiumd64.dll
0x0000000062020000 - 0x0000000062ccf000 	C:\Windows\System32\DriverStore\FileRepository\u0343188.inf_amd64_afc8f71670be97fc\B342852\atiumd6a.dll
0x0000000061340000 - 0x0000000062015000 	C:\Windows\System32\DriverStore\FileRepository\u0343188.inf_amd64_afc8f71670be97fc\B342852\atiumd6t.dll
0x00007ff84df60000 - 0x00007ff84e02b000 	C:\Windows\SYSTEM32\DNSAPI.dll
0x00007ff8508a0000 - 0x00007ff8508a8000 	C:\Windows\System32\NSI.dll
0x00007ff84df20000 - 0x00007ff84df5a000 	C:\Windows\SYSTEM32\IPHLPAPI.DLL
0x00007ff8452b0000 - 0x00007ff8452ba000 	C:\Windows\System32\rasadhlp.dll
0x00007ff845870000 - 0x00007ff8458e7000 	C:\Windows\System32\fwpuclnt.dll
0x00007ff84f750000 - 0x00007ff84f776000 	C:\Windows\System32\bcrypt.dll
0x00007ff840070000 - 0x00007ff84009d000 	C:\Program Files\Java\jdk-11.0.7\bin\javajpeg.dll
0x00007ff829e70000 - 0x00007ff829ef4000 	C:\Program Files\Java\jdk-11.0.7\bin\freetype.dll
0x00007ff8298e0000 - 0x00007ff82998b000 	C:\Program Files\Java\jdk-11.0.7\bin\fontmanager.dll
0x00007ff8506d0000 - 0x00007ff850772000 	C:\Windows\System32\clbcatq.dll
0x00007ff84a750000 - 0x00007ff84a8ff000 	C:\Windows\SYSTEM32\WindowsCodecs.dll
0x00007ff842ba0000 - 0x00007ff842bda000 	C:\Windows\system32\dataexchange.dll
0x00007ff84bd80000 - 0x00007ff84bfdb000 	C:\Windows\system32\d3d11.dll
0x00007ff84c440000 - 0x00007ff84c61c000 	C:\Windows\system32\dcomp.dll
0x00007ff84d700000 - 0x00007ff84d7eb000 	C:\Windows\system32\dxgi.dll
0x00007ff84ce40000 - 0x00007ff84d0a1000 	C:\Windows\system32\twinapi.appcore.dll
0x00007ff84d360000 - 0x00007ff84d389000 	C:\Windows\system32\RMCLIENT.dll
0x00007ff848970000 - 0x00007ff848a0e000 	C:\Windows\System32\TextInputFramework.dll
0x00007ff84c9c0000 - 0x00007ff84ca94000 	C:\Windows\System32\CoreMessaging.dll
0x00007ff84ab00000 - 0x00007ff84ae2a000 	C:\Windows\System32\CoreUIComponents.dll
0x00007ff84da60000 - 0x00007ff84da91000 	C:\Windows\SYSTEM32\ntmarta.dll
0x00007ff84a980000 - 0x00007ff84aad3000 	C:\Windows\SYSTEM32\wintypes.dll
0x00007ff8430e0000 - 0x00007ff843386000 	C:\Windows\System32\iertutil.dll

dbghelp: loaded successfully - version: 4.0.5 - missing functions: none
symbol engine: initialized successfully - sym options: 0x614 - pdb path: .;C:\Program Files\Java\jdk-11.0.7\bin;C:\Windows\SYSTEM32;C:\Windows\WinSxS\amd64_microsoft.windows.common-controls_6595b64144ccf1df_6.0.18362.836_none_e6c4b943130f18ed;C:\Program Files\Java\jdk-11.0.7\bin\server;C:\Users\Kazuk\AppData\Local\JetBrains\Toolbox\apps\IDEA-C\ch-0\201.6668.121\bin;C:\Windows\System32\DriverStore\FileRepository\u0343188.inf_amd64_afc8f71670be97fc\B342852

VM Arguments:
jvm_args: -javaagent:C:\Users\Kazuk\AppData\Local\JetBrains\Toolbox\apps\IDEA-C\ch-0\201.6668.121\lib\idea_rt.jar=4387:C:\Users\Kazuk\AppData\Local\JetBrains\Toolbox\apps\IDEA-C\ch-0\201.6668.121\bin -Dfile.encoding=UTF-8 
java_command: Views.Login
java_class_path (initial): C:\Users\Kazuk\IdeaProjects\unidad-1\out\production\Unidad_1;C:\Users\Kazuk\IdeaProjects\unidad-1\lib\mysql-connector-java-8.0.20.jar
Launcher Type: SUN_STANDARD

[Global flags]
     intx CICompilerCount                          = 3                                         {product} {ergonomic}
     uint ConcGCThreads                            = 1                                         {product} {ergonomic}
     uint G1ConcRefinementThreads                  = 4                                         {product} {ergonomic}
   size_t G1HeapRegionSize                         = 1048576                                   {product} {ergonomic}
    uintx GCDrainStackTargetSize                   = 64                                        {product} {ergonomic}
   size_t InitialHeapSize                          = 100663296                                 {product} {ergonomic}
   size_t MarkStackSize                            = 4194304                                   {product} {ergonomic}
   size_t MaxHeapSize                              = 1598029824                                {product} {ergonomic}
   size_t MaxNewSize                               = 958398464                                 {product} {ergonomic}
   size_t MinHeapDeltaBytes                        = 1048576                                   {product} {ergonomic}
    uintx NonNMethodCodeHeapSize                   = 5830732                                {pd product} {ergonomic}
    uintx NonProfiledCodeHeapSize                  = 122913754                              {pd product} {ergonomic}
    uintx ProfiledCodeHeapSize                     = 122913754                              {pd product} {ergonomic}
    uintx ReservedCodeCacheSize                    = 251658240                              {pd product} {ergonomic}
     bool SegmentedCodeCache                       = true                                      {product} {ergonomic}
     bool UseCompressedClassPointers               = true                                 {lp64_product} {ergonomic}
     bool UseCompressedOops                        = true                                 {lp64_product} {ergonomic}
     bool UseG1GC                                  = true                                      {product} {ergonomic}
     bool UseLargePagesIndividualAllocation        = false                                  {pd product} {ergonomic}

Logging:
Log output configuration:
 #0: stdout all=warning uptime,level,tags
 #1: stderr all=off uptime,level,tags

Environment Variables:
JAVA_HOME=C:\Program Files (x86)\Java\jre1.8.0_241\bin
PATH=C:\Program Files (x86)\Common Files\Oracle\Java\javapath;C:\xampp\php\;C:\ProgramData\ComposerSetup\bin;C:\Program Files\Git\cmd;C:\windows\system32;C:\windows\;C:\Users\Kazuk\AppData\Local\Programs\Python\Python38-32\Scripts\;C:\Users\Kazuk\AppData\Local\Programs\Python\Python38-32\;C:\Program Files (x86)\Java\jbrsdk\bin;C:\Users\Kazuk\AppData\Local\Programs\Microsoft VS Code\bin;C:\Users\Kazuk\AppData\Local\hyper\app-3.0.2\resources\bin;C:\Program Files\nodejs
USERNAME=Kazuk
OS=Windows_NT
PROCESSOR_IDENTIFIER=AMD64 Family 23 Model 24 Stepping 1, AuthenticAMD



---------------  S Y S T E M  ---------------

OS: Windows 10 , 64 bit Build 18362 (10.0.18362.778)

CPU:total 4 (initial active 4) (4 cores per cpu, 2 threads per core) family 23 model 24 stepping 1, cmov, cx8, fxsr, mmx, sse, sse2, sse3, ssse3, sse4.1, sse4.2, popcnt, avx, avx2, aes, clmul, mmxext, 3dnowpref, lzcnt, sse4a, ht, tsc, tscinvbit, tscinv, bmi1, bmi2, adx, sha, fma

Memory: 4k page, system-wide physical 6094M (1323M free)
TotalPageFile size 11698M (AvailPageFile size 3991M)
current process WorkingSet (physical memory assigned to process): 155M, peak: 171M
current process commit charge ("private bytes"): 232M, peak: 247M

vm_info: Java HotSpot(TM) 64-Bit Server VM (11.0.7+8-LTS) for windows-amd64 JRE (11.0.7+8-LTS), built on Mar 12 2020 02:04:32 by "mach5one" with MS VC++ 15.5 (VS2017)

END.
